[31m2025-05-06T14:43:16.662Z [error]: Webhook failed: campaign_start[39m
[31m2025-05-06T14:43:16.692Z [error]: Webhook failed: batch_sent[39m
[31m2025-05-06T14:43:16.710Z [error]: Webhook failed: batch_sent[39m
[31m2025-05-06T14:43:16.723Z [error]: Webhook failed: campaign_completed[39m
[31m2025-05-06T14:43:17.750Z [error]: Webhook failed: campaign_start[39m
[31m2025-05-06T14:43:17.772Z [error]: Webhook failed: batch_sent[39m
[31m2025-05-06T14:43:17.789Z [error]: Webhook failed: batch_sent[39m
[31m2025-05-06T14:43:17.812Z [error]: Webhook failed: campaign_completed[39m
[31m2025-05-06T14:43:19.873Z [error]: Webhook failed: campaign_start[39m
[31m2025-05-06T14:43:19.900Z [error]: Webhook failed: batch_sent[39m
[31m2025-05-06T14:43:19.923Z [error]: Webhook failed: batch_sent[39m
[31m2025-05-06T14:43:19.942Z [error]: Webhook failed: campaign_completed[39m
[31m2025-05-06T14:51:18.971Z [error]: Webhook failed: campaign_start[39m
[31m2025-05-06T14:51:19.222Z [error]: Webhook failed: batch_sent[39m
[31m2025-05-06T14:51:19.246Z [error]: Webhook failed: batch_sent[39m
[31m2025-05-06T14:51:19.306Z [error]: Webhook failed: campaign_completed[39m
[31m2025-05-06T14:51:20.156Z [error]: Webhook failed: campaign_start[39m
[31m2025-05-06T14:51:20.249Z [error]: Webhook failed: batch_sent[39m
[31m2025-05-06T14:51:20.349Z [error]: Webhook failed: batch_sent[39m
[31m2025-05-06T14:51:20.367Z [error]: Webhook failed: campaign_completed[39m
[31m2025-05-06T14:51:22.262Z [error]: Webhook failed: campaign_start[39m
[31m2025-05-06T14:51:22.268Z [error]: Webhook failed: batch_sent[39m
[31m2025-05-06T14:51:22.380Z [error]: Webhook failed: batch_sent[39m
[31m2025-05-06T14:51:22.402Z [error]: Webhook failed: campaign_completed[39m
[31m2025-05-06T14:53:17.659Z [error]: Webhook failed: campaign_start[39m
[31m2025-05-06T14:53:17.707Z [error]: Webhook failed: batch_sent[39m
[31m2025-05-06T14:53:17.730Z [error]: Webhook failed: batch_sent[39m
[31m2025-05-06T14:53:17.745Z [error]: Webhook failed: campaign_completed[39m
[31m2025-05-06T14:53:18.769Z [error]: Webhook failed: campaign_start[39m
[31m2025-05-06T14:53:18.823Z [error]: Webhook failed: batch_sent[39m
[31m2025-05-06T14:53:18.858Z [error]: Webhook failed: batch_sent[39m
[31m2025-05-06T14:53:18.875Z [error]: Webhook failed: campaign_completed[39m
[31m2025-05-06T14:53:20.883Z [error]: Webhook failed: campaign_start[39m
[31m2025-05-06T14:53:20.907Z [error]: Webhook failed: batch_sent[39m
[31m2025-05-06T14:53:20.919Z [error]: Webhook failed: batch_sent[39m
[31m2025-05-06T14:53:20.932Z [error]: Webhook failed: campaign_completed[39m
[31m2025-05-06T14:55:28.306Z [error]: Webhook failed: campaign_start[39m
[31m2025-05-06T14:55:28.354Z [error]: Webhook failed: batch_sent[39m
[31m2025-05-06T14:55:28.376Z [error]: Webhook failed: batch_sent[39m
[31m2025-05-06T14:55:28.397Z [error]: Webhook failed: campaign_completed[39m
[31m2025-05-06T14:55:29.361Z [error]: Webhook failed: campaign_start[39m
[31m2025-05-06T14:55:29.370Z [error]: Webhook failed: batch_sent[39m
[31m2025-05-06T14:55:29.386Z [error]: Webhook failed: batch_sent[39m
[31m2025-05-06T14:55:29.479Z [error]: Webhook failed: campaign_completed[39m
[31m2025-05-06T14:55:31.387Z [error]: Webhook failed: campaign_start[39m
[31m2025-05-06T14:55:31.396Z [error]: Webhook failed: batch_sent[39m
[31m2025-05-06T14:55:31.402Z [error]: Webhook failed: batch_sent[39m
[31m2025-05-06T14:55:31.594Z [error]: Webhook failed: campaign_completed[39m
[31m2025-05-06T14:56:11.320Z [error]: Job 15 failed: connect ETIMEDOUT 172.28.17.17:8000[39m
[31m2025-05-06T14:56:20.044Z [error]: Job 11 failed: job stalled more than allowable limit[39m
[31m2025-05-06T14:56:20.049Z [error]: Job 12 failed: job stalled more than allowable limit[39m
[31m2025-05-06T14:56:20.055Z [error]: Job 13 failed: job stalled more than allowable limit[39m
[31m2025-05-06T14:56:32.489Z [error]: Job 16 failed: connect ETIMEDOUT 172.28.17.17:8000[39m
[31m2025-05-06T14:56:53.728Z [error]: Job 17 failed: connect ETIMEDOUT 172.28.17.17:8000[39m
[31m2025-05-06T14:59:39.430Z [error]: Job 16 failed: read ECONNRESET[39m
[31m2025-05-06T14:59:39.861Z [error]: Job 14 failed: job stalled more than allowable limit[39m
[31m2025-05-06T14:59:40.058Z [error]: Job 19 failed: read ECONNRESET[39m
[31m2025-05-06T15:00:22.635Z [error]: Job 20 failed: connect ETIMEDOUT 172.28.17.17:8000[39m
[31m2025-05-06T15:00:40.032Z [error]: Job 15 failed: job stalled more than allowable limit[39m
[31m2025-05-06T15:33:55.803Z [error]: Job 21 failed: connect ETIMEDOUT 172.28.17.17:8000[39m
[31m2025-05-06T15:34:46.820Z [error]: Job 23 failed: connect ETIMEDOUT 172.28.17.17:8000[39m
[31m2025-05-06T15:35:08.082Z [error]: Job 22 failed: connect ETIMEDOUT 172.28.17.17:8000[39m
[31m2025-05-07T20:51:45.629Z [error]: Webhook failed: campaign_start[39m
[31m2025-05-07T20:51:45.815Z [error]: Webhook failed: batch_sent[39m
[31m2025-05-07T20:51:45.831Z [error]: Webhook failed: batch_sent[39m
[31m2025-05-07T20:51:45.844Z [error]: Webhook failed: campaign_completed[39m
[31m2025-05-07T20:51:46.749Z [error]: Webhook failed: campaign_start[39m
[31m2025-05-07T20:51:46.862Z [error]: Webhook failed: batch_sent[39m
[31m2025-05-07T20:51:46.902Z [error]: Webhook failed: batch_sent[39m
[31m2025-05-07T20:51:46.946Z [error]: Webhook failed: campaign_completed[39m
[31m2025-05-07T20:51:48.793Z [error]: Webhook failed: campaign_start[39m
[31m2025-05-07T20:51:48.995Z [error]: Webhook failed: batch_sent[39m
[31m2025-05-07T20:51:49.025Z [error]: Webhook failed: batch_sent[39m
[31m2025-05-07T20:51:49.050Z [error]: Webhook failed: campaign_completed[39m
[31m2025-05-07T21:07:45.019Z [error]: Job 29 failed: connect ETIMEDOUT 172.28.17.17:8000[39m
[31m2025-05-07T21:08:07.127Z [error]: Job 29 failed: connect ETIMEDOUT 172.28.17.17:8000[39m
[31m2025-05-07T21:08:30.471Z [error]: Job 29 failed: connect ETIMEDOUT 172.28.17.17:8000[39m
[31m2025-05-07T21:08:51.607Z [error]: Job 30 failed: connect ETIMEDOUT 172.28.17.17:8000[39m
[31m2025-05-07T21:09:13.741Z [error]: Job 30 failed: connect ETIMEDOUT 172.28.17.17:8000[39m
[31m2025-05-07T21:09:36.984Z [error]: Job 30 failed: connect ETIMEDOUT 172.28.17.17:8000[39m
[31m2025-05-07T21:09:58.162Z [error]: Job 31 failed: connect ETIMEDOUT 172.28.17.17:8000[39m
[31m2025-05-07T21:10:45.284Z [error]: Job 32 failed: connect ETIMEDOUT 172.28.17.17:8000[39m
[31m2025-05-07T21:11:07.479Z [error]: Job 32 failed: connect ETIMEDOUT 172.28.17.17:8000[39m
[31m2025-05-07T21:11:38.024Z [error]: Job 31 failed: connect ETIMEDOUT 172.28.17.17:8000[39m
[31m2025-05-07T21:11:59.138Z [error]: Job 33 failed: connect ETIMEDOUT 172.28.17.17:8000[39m
[31m2025-05-07T21:12:20.249Z [error]: Job 32 failed: connect ETIMEDOUT 172.28.17.17:8000[39m
[31m2025-05-07T21:12:41.363Z [error]: Job 31 failed: connect ETIMEDOUT 172.28.17.17:8000[39m
[31m2025-05-07T21:13:02.459Z [error]: Job 33 failed: connect ETIMEDOUT 172.28.17.17:8000[39m
[31m2025-05-07T21:13:23.553Z [error]: Job 34 failed: connect ETIMEDOUT 172.28.17.17:8000[39m
[31m2025-05-07T21:13:57.789Z [error]: Job 35 failed: connect ETIMEDOUT 172.28.17.17:8000[39m
[31m2025-05-07T21:14:03.742Z [error]: Job 34 failed: connect ETIMEDOUT 172.28.17.17:8000[39m
[31m2025-05-07T21:14:24.847Z [error]: Job 35 failed: connect ETIMEDOUT 172.28.17.17:8000[39m
[31m2025-05-07T21:14:45.972Z [error]: Job 34 failed: connect ETIMEDOUT 172.28.17.17:8000[39m
[31m2025-05-07T21:15:07.088Z [error]: Job 33 failed: connect ETIMEDOUT 172.28.17.17:8000[39m
[31m2025-05-07T21:15:28.208Z [error]: Job 36 failed: connect ETIMEDOUT 172.28.17.17:8000[39m
[31m2025-05-07T21:15:49.341Z [error]: Job 35 failed: connect ETIMEDOUT 172.28.17.17:8000[39m
[31m2025-05-07T21:16:10.459Z [error]: Job 37 failed: connect ETIMEDOUT 172.28.17.17:8000[39m
[31m2025-05-07T21:16:31.597Z [error]: Job 36 failed: connect ETIMEDOUT 172.28.17.17:8000[39m
[31m2025-05-07T21:16:52.695Z [error]: Job 37 failed: connect ETIMEDOUT 172.28.17.17:8000[39m
[31m2025-05-07T21:17:13.823Z [error]: Job 38 failed: connect ETIMEDOUT 172.28.17.17:8000[39m
[31m2025-05-07T21:18:45.217Z [error]: Job 430dc7a1-c63f-4259-9ecb-149f91b04b01 failed:[39m
[31m2025-05-07T21:19:08.180Z [error]: Job fee1d8fe-e3e5-4091-b8a9-bba7116a53bb failed:[39m
[31m2025-05-07T21:19:29.279Z [error]: Job d8fbad48-b2cb-41a8-b7ca-fd449b5e1582 failed:[39m
[31m2025-05-07T21:19:50.397Z [error]: Job 87187620-7bd9-40ab-905d-09d23adf962f failed:[39m
[31m2025-05-07T21:20:11.514Z [error]: Job b33fc9df-9513-4fc1-af51-2527307d6349 failed:[39m
[31m2025-05-07T21:20:32.627Z [error]: Job 803dfbf8-6a57-4f53-945a-c666a2d9628e failed:[39m
[31m2025-05-07T21:20:53.837Z [error]: Job d4ee2456-c265-4015-b142-77c6a08cd1d3 failed:[39m
[31m2025-05-07T21:21:45.333Z [error]: Job 029751e2-4956-43ba-855d-0b1d1a271471 failed:[39m
[31m2025-05-07T21:22:45.352Z [error]: Job 2269f555-75ab-45c5-aba5-e64001a186cc failed:[39m
[31m2025-05-07T21:23:45.203Z [error]: Job c178a000-a038-4bf8-9a86-5b6116af9791 failed:[39m
[31m2025-05-07T21:24:45.218Z [error]: Job a1796a17-4db3-44b9-a408-670072beff35 failed:[39m
[31m2025-05-07T21:25:45.180Z [error]: Job 7e5fc563-f5c5-4a16-912f-314168108350 failed:[39m
[31m2025-05-07T21:26:45.232Z [error]: Job fcf38a20-6a2a-4ef4-9d87-4c6f44e65aab failed:[39m
[31m2025-05-07T21:27:45.192Z [error]: Job a3e8eb1a-691c-453b-a3d5-8629821c4197 failed:[39m
[31m2025-05-07T21:28:45.358Z [error]: Job 7d9cda61-17a3-4602-ae7a-913825b3056a failed:[39m
[31m2025-05-07T21:29:45.274Z [error]: Job 8d668b39-3064-4bf6-a33d-c69491068f3a failed:[39m
[31m2025-05-07T21:30:45.235Z [error]: Job d0eae3da-ee31-4153-8fe1-9f044e0d65bf failed:[39m
[31m2025-05-07T21:31:45.239Z [error]: Job e8adfeda-c7dd-4bf0-afa4-51c01509e59b failed:[39m
[31m2025-05-07T21:32:45.371Z [error]: Job 33a3aa98-98fe-4a21-881f-493b18eb27b0 failed:[39m
[31m2025-05-07T21:33:45.383Z [error]: Job cac3a50a-26cc-4d1c-8c0d-8399ee033b90 failed:[39m
[31m2025-05-07T21:35:20.880Z [error]: Job 0587a688-b28d-4b1a-8e04-68d860702cf5 failed:[39m
[31m2025-05-07T21:35:45.255Z [error]: Job 7e431193-88bd-47eb-b63c-e231dba2da72 failed:[39m
[31m2025-05-07T21:37:45.430Z [error]: Job f8465719-0037-4c56-901a-635f36b3289c failed:[39m
[31m2025-05-07T21:38:21.889Z [error]: Job 58 failed: job stalled more than allowable limit[39m
[31m2025-05-07T21:38:45.407Z [error]: Job 7db48259-7f35-4d64-b59e-42b0b99ac836 failed:[39m
[31m2025-05-07T21:39:45.408Z [error]: Job 1d9e4bb5-608b-4be3-8837-9e78558b50a3 failed:[39m
[31m2025-05-07T21:40:45.421Z [error]: Job 89332fa7-eb19-4101-a8ff-884ba98940c5 failed:[39m
[31m2025-05-07T21:42:57.707Z [error]: Job a4343c7e-a2ea-495a-ae69-451b35f0a26b failed:[39m
[31m2025-05-07T21:43:27.615Z [error]: Job 6026ae3c-e693-46e3-984b-321d47805756 failed:[39m
[31m2025-05-07T21:43:48.730Z [error]: Job de206209-4caa-4038-9982-3cc5e69a8fc0 failed:[39m
[31m2025-05-07T21:45:45.326Z [error]: Job 139bcbf5-803a-4f31-99ca-ee05e866fea2 failed:[39m
[31m2025-05-07T21:46:06.444Z [error]: Job 1f8a489a-ab25-4db0-9f82-0dd4a3ff5df1 failed:[39m
[31m2025-05-07T21:46:45.366Z [error]: Job 4d7c3ffd-ddf9-4329-b8ac-facdaa9d2225 failed:[39m
[31m2025-05-07T21:47:45.454Z [error]: Job 6370d8c9-9d76-47e0-a0ca-d33f77a9cc13 failed:[39m
[31m2025-05-07T21:49:07.062Z [error]: Job c761f20a-2416-43e6-82b7-f6f07198ce46 failed:[39m
[31m2025-05-07T21:49:45.389Z [error]: Job 02bef88b-af87-47c4-a870-8f2491d5176f failed:[39m
[31m2025-05-07T21:51:45.434Z [error]: Job 7a722849-62f3-40a9-812b-fec408198210 failed:[39m
[31m2025-05-07T21:52:06.551Z [error]: Job 75457806-6d6e-47c3-be3e-1407c5a79883 failed:[39m
[31m2025-05-07T21:52:45.560Z [error]: Job 9cbbaea6-4be9-4639-8156-ad2a2dac520d failed:[39m
[31m2025-05-07T21:53:45.412Z [error]: Job a4d61f8e-5a9a-4bcc-add7-9d73f8d859bd failed:[39m
[31m2025-05-07T21:54:45.482Z [error]: Job 8544f18e-91f8-40f8-b697-98f1d24598ce failed:[39m
[31m2025-05-07T21:57:04.434Z [error]: Job ad88ce9b-c4b9-4d8b-a21d-4e705ed03cc6 failed:[39m
[31m2025-05-07T21:57:34.364Z [error]: Job 1b0bb8db-0212-409e-a832-798b20f73845 failed:[39m
[31m2025-05-07T21:57:55.478Z [error]: Job b1e30482-aafb-454d-ae08-668f7f8ec75a failed:[39m
[31m2025-05-07T21:58:45.535Z [error]: Job 532918e8-05a0-4c2c-bd0c-25b54c7f6a05 failed:[39m
[31m2025-05-07T21:59:45.603Z [error]: Job 60960f44-baeb-465b-a139-f29685ff343a failed:[39m
[31m2025-05-07T22:00:45.588Z [error]: Job 175e44fa-daff-48b8-a15e-85367ef88fea failed:[39m
[31m2025-05-07T22:03:36.125Z [error]: Job 83 failed: job stalled more than allowable limit[39m
[31m2025-05-07T22:04:31.065Z [error]: Job 07ebb739-b488-4e83-ad31-97d42a163a06 failed:[39m
[31m2025-05-07T22:04:39.779Z [error]: Job 84 failed: job stalled more than allowable limit[39m
[31m2025-05-07T22:04:52.271Z [error]: Job 5e4596a9-1e9a-4056-8f4c-800f68bcef4a failed:[39m
[31m2025-05-08T12:47:23.117Z [error]: Job failed[39m
[31m2025-05-08T12:48:23.084Z [error]: Job failed[39m
[31m2025-05-08T15:20:58.496Z [error]: Job failed[39m
[31m2025-05-08T15:20:58.656Z [error]: Job failed[39m
[31m2025-05-08T15:20:58.825Z [error]: Job failed[39m
[31m2025-05-08T15:20:58.893Z [error]: Job failed[39m
[31m2025-05-08T15:20:58.966Z [error]: Job failed[39m
[31m2025-05-08T15:20:59.041Z [error]: Job failed[39m
[31m2025-05-08T15:20:59.109Z [error]: Job failed[39m
[31m2025-05-08T15:20:59.178Z [error]: Job failed[39m
[31m2025-05-08T15:20:59.251Z [error]: Job failed[39m
[31m2025-05-08T15:20:59.417Z [error]: Job failed[39m
[31m2025-05-08T15:20:59.483Z [error]: Job failed[39m
[31m2025-05-08T15:20:59.546Z [error]: Job failed[39m
[31m2025-05-08T15:20:59.609Z [error]: Job failed[39m
[31m2025-05-08T15:20:59.674Z [error]: Job failed[39m
[31m2025-05-08T15:20:59.749Z [error]: Job failed[39m
[31m2025-05-08T15:20:59.919Z [error]: Job failed[39m
[31m2025-05-08T15:21:00.072Z [error]: Job failed[39m
[31m2025-05-08T15:21:00.132Z [error]: Job failed[39m
[31m2025-05-08T15:21:00.197Z [error]: Job failed[39m
[31m2025-05-08T15:21:00.263Z [error]: Job failed[39m
[31m2025-05-08T15:21:00.330Z [error]: Job failed[39m
[31m2025-05-08T15:21:00.495Z [error]: Job failed[39m
[31m2025-05-08T15:21:00.557Z [error]: Job failed[39m
[31m2025-05-08T15:21:00.626Z [error]: Job failed[39m
[31m2025-05-08T15:21:00.689Z [error]: Job failed[39m
[31m2025-05-08T15:21:00.759Z [error]: Job failed[39m
[31m2025-05-08T15:21:00.820Z [error]: Job failed[39m
[31m2025-05-08T15:21:00.887Z [error]: Job failed[39m
[31m2025-05-08T15:21:00.954Z [error]: Job failed[39m
[31m2025-05-08T15:21:01.019Z [error]: Job failed[39m
[31m2025-05-08T15:21:01.083Z [error]: Job failed[39m
[31m2025-05-08T15:21:01.162Z [error]: Job failed[39m
[31m2025-05-08T15:21:01.268Z [error]: Job failed[39m
[31m2025-05-08T15:21:01.338Z [error]: Job failed[39m
[31m2025-05-08T15:21:01.404Z [error]: Job failed[39m
[31m2025-05-08T15:21:01.566Z [error]: Job failed[39m
[31m2025-05-08T15:21:01.630Z [error]: Job failed[39m
[31m2025-05-08T15:21:01.695Z [error]: Job failed[39m
[31m2025-05-08T15:21:01.756Z [error]: Job failed[39m
[31m2025-05-08T15:21:01.820Z [error]: Job failed[39m
[31m2025-05-08T15:21:01.886Z [error]: Job failed[39m
[31m2025-05-08T15:21:01.950Z [error]: Job failed[39m
[31m2025-05-08T15:21:02.013Z [error]: Job failed[39m
[31m2025-05-08T15:21:02.076Z [error]: Job failed[39m
[31m2025-05-08T15:21:02.139Z [error]: Job failed[39m
[31m2025-05-08T15:21:02.208Z [error]: Job failed[39m
[31m2025-05-08T15:21:02.382Z [error]: Job failed[39m
[31m2025-05-08T15:21:02.445Z [error]: Job failed[39m
[31m2025-05-08T15:21:02.598Z [error]: Job failed[39m
[31m2025-05-08T15:21:02.757Z [error]: Job failed[39m
[31m2025-05-08T15:21:02.821Z [error]: Job failed[39m
[31m2025-05-08T15:21:02.883Z [error]: Job failed[39m
[31m2025-05-08T15:21:03.048Z [error]: Job failed[39m
[31m2025-05-08T15:21:03.113Z [error]: Job failed[39m
[31m2025-05-08T15:21:03.175Z [error]: Job failed[39m
[31m2025-05-08T15:21:03.235Z [error]: Job failed[39m
[31m2025-05-08T15:21:03.294Z [error]: Job failed[39m
[31m2025-05-08T15:21:03.357Z [error]: Job failed[39m
[31m2025-05-08T15:21:03.421Z [error]: Job failed[39m
[31m2025-05-08T15:21:03.485Z [error]: Job failed[39m
[31m2025-05-08T15:21:03.550Z [error]: Job failed[39m
[31m2025-05-08T15:21:03.615Z [error]: Job failed[39m
[31m2025-05-08T15:21:03.679Z [error]: Job failed[39m
[31m2025-05-08T15:21:03.745Z [error]: Job failed[39m
[31m2025-05-08T15:21:03.820Z [error]: Job failed[39m
[31m2025-05-08T15:21:03.882Z [error]: Job failed[39m
[31m2025-05-08T15:21:03.948Z [error]: Job failed[39m
[31m2025-05-08T15:21:04.020Z [error]: Job failed[39m
[31m2025-05-08T15:21:04.142Z [error]: Job failed[39m
[31m2025-05-08T15:21:04.236Z [error]: Job failed[39m
[31m2025-05-08T15:21:04.331Z [error]: Job failed[39m
[31m2025-05-08T15:21:04.436Z [error]: Job failed[39m
[31m2025-05-08T15:21:04.626Z [error]: Job failed[39m
[31m2025-05-08T15:21:04.723Z [error]: Job failed[39m
[31m2025-05-08T15:21:04.815Z [error]: Job failed[39m
[31m2025-05-08T15:21:04.914Z [error]: Job failed[39m
[31m2025-05-08T15:21:05.005Z [error]: Job failed[39m
[31m2025-05-08T15:21:05.096Z [error]: Job failed[39m
[31m2025-05-08T15:21:05.184Z [error]: Job failed[39m
[31m2025-05-08T15:21:05.384Z [error]: Job failed[39m
[31m2025-05-08T15:21:05.488Z [error]: Job failed[39m
[31m2025-05-08T15:21:05.587Z [error]: Job failed[39m
[31m2025-05-08T15:21:05.676Z [error]: Job failed[39m
[31m2025-05-08T15:21:05.764Z [error]: Job failed[39m
[31m2025-05-08T15:21:05.852Z [error]: Job failed[39m
[31m2025-05-08T15:21:05.947Z [error]: Job failed[39m
[31m2025-05-08T15:21:06.036Z [error]: Job failed[39m
[31m2025-05-08T15:21:06.133Z [error]: Job failed[39m
[31m2025-05-08T15:21:06.267Z [error]: Job failed[39m
[31m2025-05-08T15:21:06.392Z [error]: Job failed[39m
[31m2025-05-08T15:21:06.594Z [error]: Job failed[39m
[31m2025-05-08T15:21:06.697Z [error]: Job failed[39m
[31m2025-05-08T15:21:06.807Z [error]: Job failed[39m
[31m2025-05-08T15:21:06.911Z [error]: Job failed[39m
[31m2025-05-08T15:21:07.020Z [error]: Job failed[39m
[31m2025-05-08T15:21:07.138Z [error]: Job failed[39m
[31m2025-05-08T15:21:07.271Z [error]: Job failed[39m
[31m2025-05-08T15:21:07.374Z [error]: Job failed[39m
[31m2025-05-08T15:21:07.496Z [error]: Job failed[39m
[31m2025-05-08T15:21:07.616Z [error]: Job failed[39m
[31m2025-05-08T15:21:07.724Z [error]: Job failed[39m
[31m2025-05-08T15:21:07.887Z [error]: Job failed[39m
[31m2025-05-08T15:21:08.029Z [error]: Job failed[39m
[31m2025-05-08T15:21:08.155Z [error]: Job failed[39m
[31m2025-05-08T15:21:08.256Z [error]: Job failed[39m
[31m2025-05-08T15:21:08.351Z [error]: Job failed[39m
[31m2025-05-08T15:21:08.445Z [error]: Job failed[39m
[31m2025-05-08T15:21:08.542Z [error]: Job failed[39m
[31m2025-05-08T15:21:08.628Z [error]: Job failed[39m
[31m2025-05-08T15:21:08.715Z [error]: Job failed[39m
[31m2025-05-08T15:21:08.801Z [error]: Job failed[39m
[31m2025-05-08T15:21:08.884Z [error]: Job failed[39m
[31m2025-05-08T15:21:08.967Z [error]: Job failed[39m
[31m2025-05-08T15:21:09.142Z [error]: Job failed[39m
[31m2025-05-08T15:21:09.223Z [error]: Job failed[39m
[31m2025-05-08T15:21:09.304Z [error]: Job failed[39m
[31m2025-05-08T15:21:09.484Z [error]: Job failed[39m
[31m2025-05-08T15:21:09.562Z [error]: Job failed[39m
[31m2025-05-08T15:21:09.641Z [error]: Job failed[39m
[31m2025-05-08T15:21:09.754Z [error]: Job failed[39m
[31m2025-05-08T15:21:09.838Z [error]: Job failed[39m
[31m2025-05-08T15:21:09.916Z [error]: Job failed[39m
[31m2025-05-08T15:21:09.989Z [error]: Job failed[39m
[31m2025-05-08T15:21:10.063Z [error]: Job failed[39m
[31m2025-05-08T15:21:10.241Z [error]: Job failed[39m
[31m2025-05-08T15:21:10.314Z [error]: Job failed[39m
[31m2025-05-08T15:21:10.384Z [error]: Job failed[39m
[31m2025-05-08T15:21:10.461Z [error]: Job failed[39m
[31m2025-05-08T15:21:10.540Z [error]: Job failed[39m
[31m2025-05-08T15:21:10.623Z [error]: Job failed[39m
[31m2025-05-08T15:21:10.804Z [error]: Job failed[39m
[31m2025-05-08T15:21:10.882Z [error]: Job failed[39m
[31m2025-05-08T15:21:10.961Z [error]: Job failed[39m
[31m2025-05-08T15:21:11.039Z [error]: Job failed[39m
[31m2025-05-08T15:21:11.121Z [error]: Job failed[39m
[31m2025-05-08T15:21:11.201Z [error]: Job failed[39m
[31m2025-05-08T15:21:11.278Z [error]: Job failed[39m
[31m2025-05-08T15:21:11.355Z [error]: Job failed[39m
[31m2025-05-08T15:21:11.438Z [error]: Job failed[39m
[31m2025-05-08T15:21:11.521Z [error]: Job failed[39m
[31m2025-05-08T15:21:11.605Z [error]: Job failed[39m
[31m2025-05-08T15:21:11.684Z [error]: Job failed[39m
[31m2025-05-08T15:21:11.778Z [error]: Job failed[39m
[31m2025-05-08T15:21:11.884Z [error]: Job failed[39m
[31m2025-05-08T15:21:11.982Z [error]: Job failed[39m
[31m2025-05-08T15:21:12.075Z [error]: Job failed[39m
[31m2025-05-08T15:21:12.167Z [error]: Job failed[39m
[31m2025-05-08T15:21:12.260Z [error]: Job failed[39m
[31m2025-05-08T15:21:12.479Z [error]: Job failed[39m
[31m2025-05-08T15:21:12.605Z [error]: Job failed[39m
[31m2025-05-08T15:21:12.708Z [error]: Job failed[39m
[31m2025-05-08T15:21:12.807Z [error]: Job failed[39m
[31m2025-05-08T15:21:12.902Z [error]: Job failed[39m
[31m2025-05-08T15:21:13.090Z [error]: Job failed[39m
[31m2025-05-08T15:21:13.291Z [error]: Job failed[39m
[31m2025-05-08T15:21:13.390Z [error]: Job failed[39m
[31m2025-05-08T15:21:13.491Z [error]: Job failed[39m
[31m2025-05-08T15:21:13.609Z [error]: Job failed[39m
[31m2025-05-08T15:21:13.789Z [error]: Job failed[39m
[31m2025-05-08T15:21:13.949Z [error]: Job failed[39m
[31m2025-05-08T15:21:14.083Z [error]: Job failed[39m
[31m2025-05-08T15:21:14.206Z [error]: Job failed[39m
[31m2025-05-08T15:21:14.322Z [error]: Job failed[39m
[31m2025-05-08T15:21:14.445Z [error]: Job failed[39m
[31m2025-05-08T15:21:14.567Z [error]: Job failed[39m
[31m2025-05-08T15:21:14.694Z [error]: Job failed[39m
[31m2025-05-08T15:21:14.810Z [error]: Job failed[39m
[31m2025-05-08T15:21:14.938Z [error]: Job failed[39m
[31m2025-05-08T15:21:15.057Z [error]: Job failed[39m
[31m2025-05-08T15:21:15.177Z [error]: Job failed[39m
[31m2025-05-08T15:21:15.317Z [error]: Job failed[39m
[31m2025-05-08T15:21:15.496Z [error]: Job failed[39m
[31m2025-05-08T15:21:15.670Z [error]: Job failed[39m
[31m2025-05-08T15:21:15.890Z [error]: Job failed[39m
[31m2025-05-08T15:21:16.066Z [error]: Job failed[39m
[31m2025-05-08T15:21:16.209Z [error]: Job failed[39m
[31m2025-05-08T15:21:16.329Z [error]: Job failed[39m
[31m2025-05-08T15:21:16.441Z [error]: Job failed[39m
[31m2025-05-08T15:21:16.564Z [error]: Job failed[39m
[31m2025-05-08T15:21:16.671Z [error]: Job failed[39m
[31m2025-05-08T15:21:16.858Z [error]: Job failed[39m
[31m2025-05-08T15:21:17.042Z [error]: Job failed[39m
[31m2025-05-08T15:21:17.130Z [error]: Job failed[39m
[31m2025-05-08T15:21:17.217Z [error]: Job failed[39m
[31m2025-05-08T15:21:17.301Z [error]: Job failed[39m
[31m2025-05-08T15:21:17.477Z [error]: Job failed[39m
[31m2025-05-08T15:21:17.563Z [error]: Job failed[39m
[31m2025-05-08T15:21:17.648Z [error]: Job failed[39m
[31m2025-05-08T15:21:17.734Z [error]: Job failed[39m
[31m2025-05-08T15:21:17.920Z [error]: Job failed[39m
[31m2025-05-08T15:21:17.995Z [error]: Job failed[39m
[31m2025-05-08T15:21:18.067Z [error]: Job failed[39m
[31m2025-05-08T15:21:18.142Z [error]: Job failed[39m
[31m2025-05-08T15:21:18.219Z [error]: Job failed[39m
[31m2025-05-08T15:21:18.305Z [error]: Job failed[39m
[31m2025-05-08T15:21:18.394Z [error]: Job failed[39m
[31m2025-05-08T15:21:18.491Z [error]: Job failed[39m
[31m2025-05-08T15:21:18.585Z [error]: Job failed[39m
[31m2025-05-08T15:21:18.767Z [error]: Job failed[39m
[31m2025-05-08T15:21:18.853Z [error]: Job failed[39m
[31m2025-05-08T15:21:18.941Z [error]: Job failed[39m
[31m2025-05-08T15:21:19.029Z [error]: Job failed[39m
[31m2025-05-08T15:21:19.120Z [error]: Job failed[39m
[31m2025-05-08T15:21:19.210Z [error]: Job failed[39m
[31m2025-05-08T15:21:19.301Z [error]: Job failed[39m
[31m2025-05-08T15:21:19.388Z [error]: Job failed[39m
[31m2025-05-08T15:21:19.482Z [error]: Job failed[39m
[31m2025-05-08T15:21:19.661Z [error]: Job failed[39m
[31m2025-05-08T15:21:19.750Z [error]: Job failed[39m
[31m2025-05-08T15:21:19.847Z [error]: Job failed[39m
[31m2025-05-08T15:21:19.971Z [error]: Job failed[39m
[31m2025-05-08T15:21:20.080Z [error]: Job failed[39m
[31m2025-05-08T15:21:20.186Z [error]: Job failed[39m
[31m2025-05-08T15:21:20.374Z [error]: Job failed[39m
[31m2025-05-08T15:21:20.474Z [error]: Job failed[39m
[31m2025-05-08T15:21:20.569Z [error]: Job failed[39m
[31m2025-05-08T15:21:20.656Z [error]: Job failed[39m
[31m2025-05-08T15:21:20.745Z [error]: Job failed[39m
[31m2025-05-08T15:21:20.834Z [error]: Job failed[39m
[31m2025-05-08T15:21:20.967Z [error]: Job failed[39m
[31m2025-05-08T15:21:21.051Z [error]: Job failed[39m
[31m2025-05-08T15:21:21.141Z [error]: Job failed[39m
[31m2025-05-08T15:21:21.231Z [error]: Job failed[39m
[31m2025-05-08T15:21:21.316Z [error]: Job failed[39m
[31m2025-05-08T15:21:21.401Z [error]: Job failed[39m
[31m2025-05-08T15:21:21.578Z [error]: Job failed[39m
[31m2025-05-08T15:21:21.665Z [error]: Job failed[39m
[31m2025-05-08T15:21:21.754Z [error]: Job failed[39m
[31m2025-05-08T15:21:21.846Z [error]: Job failed[39m
[31m2025-05-08T15:21:21.942Z [error]: Job failed[39m
[31m2025-05-08T15:21:22.024Z [error]: Job failed[39m
[31m2025-05-08T15:21:22.192Z [error]: Job failed[39m
[31m2025-05-08T15:21:22.266Z [error]: Job failed[39m
[31m2025-05-08T15:21:22.341Z [error]: Job failed[39m
[31m2025-05-08T15:21:22.419Z [error]: Job failed[39m
[31m2025-05-08T15:21:22.502Z [error]: Job failed[39m
[31m2025-05-08T15:21:22.584Z [error]: Job failed[39m
[31m2025-05-08T15:21:22.665Z [error]: Job failed[39m
[31m2025-05-08T15:21:22.749Z [error]: Job failed[39m
[31m2025-05-08T15:21:22.834Z [error]: Job failed[39m
[31m2025-05-08T15:21:22.916Z [error]: Job failed[39m
[31m2025-05-08T15:21:23.091Z [error]: Job failed[39m
[31m2025-05-08T15:21:23.168Z [error]: Job failed[39m
[31m2025-05-08T15:21:23.338Z [error]: Job failed[39m
[31m2025-05-08T15:21:23.505Z [error]: Job failed[39m
[31m2025-05-08T15:21:23.583Z [error]: Job failed[39m
[31m2025-05-08T15:21:23.657Z [error]: Job failed[39m
[31m2025-05-08T15:21:23.740Z [error]: Job failed[39m
[31m2025-05-08T15:21:23.840Z [error]: Job failed[39m
[31m2025-05-08T15:21:23.947Z [error]: Job failed[39m
[31m2025-05-08T15:21:24.144Z [error]: Job failed[39m
[31m2025-05-08T15:21:24.238Z [error]: Job failed[39m
[31m2025-05-08T15:21:24.332Z [error]: Job failed[39m
[31m2025-05-08T15:21:24.424Z [error]: Job failed[39m
[31m2025-05-08T15:21:24.510Z [error]: Job failed[39m
[31m2025-05-08T15:21:24.693Z [error]: Job failed[39m
[31m2025-05-08T15:21:24.778Z [error]: Job failed[39m
[31m2025-05-08T15:21:24.866Z [error]: Job failed[39m
[31m2025-05-08T15:21:24.955Z [error]: Job failed[39m
[31m2025-05-08T15:21:25.041Z [error]: Job failed[39m
[31m2025-05-08T15:21:25.212Z [error]: Job failed[39m
[31m2025-05-08T15:21:25.295Z [error]: Job failed[39m
[31m2025-05-08T15:21:25.393Z [error]: Job failed[39m
[31m2025-05-08T15:21:25.578Z [error]: Job failed[39m
[31m2025-05-08T15:21:25.758Z [error]: Job failed[39m
[31m2025-05-08T15:21:25.940Z [error]: Job failed[39m
[31m2025-05-08T15:21:26.015Z [error]: Job failed[39m
[31m2025-05-08T15:21:26.092Z [error]: Job failed[39m
[31m2025-05-08T15:21:26.265Z [error]: Job failed[39m
[31m2025-05-08T15:21:26.336Z [error]: Job failed[39m
[31m2025-05-08T15:21:26.408Z [error]: Job failed[39m
[31m2025-05-08T15:21:26.477Z [error]: Job failed[39m
[31m2025-05-08T15:21:26.651Z [error]: Job failed[39m
[31m2025-05-08T15:21:26.732Z [error]: Job failed[39m
[31m2025-05-08T15:21:26.818Z [error]: Job failed[39m
[31m2025-05-08T15:21:26.895Z [error]: Job failed[39m
[31m2025-05-08T15:21:27.030Z [error]: Job failed[39m
[31m2025-05-08T15:21:27.122Z [error]: Job failed[39m
[31m2025-05-08T15:21:27.206Z [error]: Job failed[39m
[31m2025-05-08T15:21:27.289Z [error]: Job failed[39m
[31m2025-05-08T15:21:27.372Z [error]: Job failed[39m
[31m2025-05-08T15:21:27.455Z [error]: Job failed[39m
[31m2025-05-08T15:21:27.541Z [error]: Job failed[39m
[31m2025-05-08T15:21:27.622Z [error]: Job failed[39m
[31m2025-05-08T15:21:27.707Z [error]: Job failed[39m
[31m2025-05-08T15:21:27.794Z [error]: Job failed[39m
[31m2025-05-08T15:21:27.989Z [error]: Job failed[39m
[31m2025-05-08T15:21:28.082Z [error]: Job failed[39m
[31m2025-05-08T15:21:28.177Z [error]: Job failed[39m
[31m2025-05-08T15:21:28.412Z [error]: Job failed[39m
[31m2025-05-08T15:21:28.595Z [error]: Job failed[39m
[31m2025-05-08T15:21:28.699Z [error]: Job failed[39m
[31m2025-05-08T15:21:28.794Z [error]: Job failed[39m
[31m2025-05-08T15:21:28.892Z [error]: Job failed[39m
[31m2025-05-08T15:21:28.980Z [error]: Job failed[39m
[31m2025-05-08T15:21:29.169Z [error]: Job failed[39m
[31m2025-05-08T15:21:29.270Z [error]: Job failed[39m
[31m2025-05-08T15:21:29.358Z [error]: Job failed[39m
[31m2025-05-08T15:21:29.446Z [error]: Job failed[39m
[31m2025-05-08T15:21:29.537Z [error]: Job failed[39m
[31m2025-05-08T15:21:29.627Z [error]: Job failed[39m
[31m2025-05-08T15:21:29.717Z [error]: Job failed[39m
[31m2025-05-08T15:21:29.812Z [error]: Job failed[39m
[31m2025-05-08T15:21:29.998Z [error]: Job failed[39m
[31m2025-05-08T15:21:30.069Z [error]: Job failed[39m
[31m2025-05-08T15:21:30.138Z [error]: Job failed[39m
[31m2025-05-08T15:21:30.209Z [error]: Job failed[39m
[31m2025-05-08T15:21:30.288Z [error]: Job failed[39m
[31m2025-05-08T15:21:30.430Z [error]: Job failed[39m
[31m2025-05-08T15:21:30.542Z [error]: Job failed[39m
[31m2025-05-08T15:21:30.759Z [error]: Job failed[39m
[31m2025-05-08T15:21:30.876Z [error]: Job failed[39m
[31m2025-05-08T15:21:30.984Z [error]: Job failed[39m
[31m2025-05-08T15:21:31.088Z [error]: Job failed[39m
[31m2025-05-08T15:21:31.176Z [error]: Job failed[39m
[31m2025-05-08T15:21:31.268Z [error]: Job failed[39m
[31m2025-05-08T15:21:31.376Z [error]: Job failed[39m
[31m2025-05-08T15:21:31.484Z [error]: Job failed[39m
[31m2025-05-08T15:21:31.609Z [error]: Job failed[39m
[31m2025-05-08T15:21:31.712Z [error]: Job failed[39m
[31m2025-05-08T15:21:31.904Z [error]: Job failed[39m
[31m2025-05-08T15:21:32.108Z [error]: Job failed[39m
[31m2025-05-08T15:21:32.205Z [error]: Job failed[39m
[31m2025-05-08T15:21:32.297Z [error]: Job failed[39m
[31m2025-05-08T15:21:32.388Z [error]: Job failed[39m
[31m2025-05-08T15:21:32.585Z [error]: Job failed[39m
[31m2025-05-08T15:21:32.677Z [error]: Job failed[39m
[31m2025-05-08T15:21:32.761Z [error]: Job failed[39m
[31m2025-05-08T15:21:32.854Z [error]: Job failed[39m
[31m2025-05-08T15:21:32.940Z [error]: Job failed[39m
[31m2025-05-08T15:21:33.027Z [error]: Job failed[39m
[31m2025-05-08T15:21:33.108Z [error]: Job failed[39m
[31m2025-05-08T15:21:33.194Z [error]: Job failed[39m
[31m2025-05-08T15:21:33.287Z [error]: Job failed[39m
[31m2025-05-08T15:21:33.374Z [error]: Job failed[39m
[31m2025-05-08T15:21:33.458Z [error]: Job failed[39m
[31m2025-05-08T15:21:33.545Z [error]: Job failed[39m
[31m2025-05-08T15:21:33.627Z [error]: Job failed[39m
[31m2025-05-08T15:21:33.708Z [error]: Job failed[39m
[31m2025-05-08T15:21:33.804Z [error]: Job failed[39m
[31m2025-05-08T15:21:33.912Z [error]: Job failed[39m
[31m2025-05-08T15:21:34.086Z [error]: Job failed[39m
[31m2025-05-08T15:21:34.161Z [error]: Job failed[39m
[31m2025-05-08T15:21:34.236Z [error]: Job failed[39m
[31m2025-05-08T15:21:34.315Z [error]: Job failed[39m
[31m2025-05-08T15:21:34.389Z [error]: Job failed[39m
[31m2025-05-08T15:21:34.468Z [error]: Job failed[39m
[31m2025-05-08T15:21:34.546Z [error]: Job failed[39m
[31m2025-05-08T15:21:34.623Z [error]: Job failed[39m
[31m2025-05-08T15:21:34.701Z [error]: Job failed[39m
[31m2025-05-08T15:21:34.780Z [error]: Job failed[39m
[31m2025-05-08T15:21:34.862Z [error]: Job failed[39m
[31m2025-05-08T15:21:34.947Z [error]: Job failed[39m
[31m2025-05-08T15:21:35.118Z [error]: Job failed[39m
[31m2025-05-08T15:21:35.193Z [error]: Job failed[39m
[31m2025-05-08T15:21:35.269Z [error]: Job failed[39m
[31m2025-05-08T15:21:35.344Z [error]: Job failed[39m
[31m2025-05-08T15:21:35.524Z [error]: Job failed[39m
[31m2025-05-08T15:21:35.693Z [error]: Job failed[39m
[31m2025-05-08T15:21:35.769Z [error]: Job failed[39m
[31m2025-05-08T15:21:35.862Z [error]: Job failed[39m
[31m2025-05-08T15:21:35.958Z [error]: Job failed[39m
[31m2025-05-08T15:21:36.071Z [error]: Job failed[39m
[31m2025-05-08T15:21:36.190Z [error]: Job failed[39m
[31m2025-05-08T15:21:36.279Z [error]: Job failed[39m
[31m2025-05-08T15:21:36.373Z [error]: Job failed[39m
[31m2025-05-08T15:21:36.563Z [error]: Job failed[39m
[31m2025-05-08T15:21:36.664Z [error]: Job failed[39m
[31m2025-05-08T15:21:36.759Z [error]: Job failed[39m
[31m2025-05-08T15:21:36.849Z [error]: Job failed[39m
[31m2025-05-08T15:21:36.945Z [error]: Job failed[39m
[31m2025-05-08T15:21:37.041Z [error]: Job failed[39m
[31m2025-05-08T15:21:58.480Z [error]: Job failed[39m
[31m2025-05-08T15:21:59.612Z [error]: Job failed[39m
[31m2025-05-08T15:22:01.832Z [error]: Job failed[39m
